{
  "stats": {
    "suites": 1,
    "tests": 1,
    "passes": 1,
    "pending": 0,
    "failures": 0,
    "start": "2022-10-10T10:10:46.936Z",
    "end": "2022-10-10T10:10:53.430Z",
    "duration": 6494,
    "testsRegistered": 1,
    "passPercent": 100,
    "pendingPercent": 0,
    "other": 0,
    "hasOther": false,
    "skipped": 0,
    "hasSkipped": false
  },
  "results": [
    {
      "uuid": "15c61716-0cbd-4452-b21e-00a6eaa3fceb",
      "title": "",
      "fullFile": "cypress\\e2e\\formauthenticationdemo.spec.cy.js",
      "file": "cypress\\e2e\\formauthenticationdemo.spec.cy.js",
      "beforeHooks": [],
      "afterHooks": [],
      "tests": [],
      "suites": [
        {
          "uuid": "ef18f457-528e-4299-9035-93719453df29",
          "title": "formauthsuite",
          "fullFile": "",
          "file": "",
          "beforeHooks": [],
          "afterHooks": [],
          "tests": [
            {
              "title": "form authentication.test",
              "fullTitle": "formauthsuite form authentication.test",
              "timedOut": null,
              "duration": 3441,
              "state": "passed",
              "speed": "fast",
              "pass": true,
              "fail": false,
              "pending": false,
              "context": null,
              "code": "cy.visit(Cypress.env('formUrl'));\nsubformauthpage.clickformauthlink();\nsubformauthpage.enterNameandPassword(this.Fdata.name, this.Fdata.password); // subformauthpage.clickLogin()",
              "err": {},
              "uuid": "6577c1aa-7660-447c-9a44-364186a4687b",
              "parentUUID": "ef18f457-528e-4299-9035-93719453df29",
              "isHook": false,
              "skipped": false
            }
          ],
          "suites": [],
          "passes": [
            "6577c1aa-7660-447c-9a44-364186a4687b"
          ],
          "failures": [],
          "pending": [],
          "skipped": [],
          "duration": 3441,
          "root": false,
          "rootEmpty": false,
          "_timeout": 2000
        }
      ],
      "passes": [],
      "failures": [],
      "pending": [],
      "skipped": [],
      "duration": 0,
      "root": true,
      "rootEmpty": true,
      "_timeout": 2000
    }
  ],
  "meta": {
    "mocha": {
      "version": "7.0.1"
    },
    "mochawesome": {
      "options": {
        "quiet": false,
        "reportFilename": "report",
        "saveHtml": true,
        "saveJson": true,
        "consoleReporter": "spec",
        "useInlineDiffs": false,
        "code": true
      },
      "version": "7.1.3"
    },
    "marge": {
      "options": {
        "reportDir": "cypress/results",
        "reportFilename": "report",
        "overwrite": false,
        "html": true,
        "json": true
      },
      "version": "6.2.0"
    }
  }
}