{
  "stats": {
    "suites": 1,
    "tests": 1,
    "passes": 1,
    "pending": 0,
    "failures": 0,
    "start": "2022-10-10T10:10:59.280Z",
    "end": "2022-10-10T10:11:06.909Z",
    "duration": 7629,
    "testsRegistered": 1,
    "passPercent": 100,
    "pendingPercent": 0,
    "other": 0,
    "hasOther": false,
    "skipped": 0,
    "hasSkipped": false
  },
  "results": [
    {
      "uuid": "9ac1c5ef-996d-4e66-b955-0a9a2f826559",
      "title": "",
      "fullFile": "cypress\\e2e\\framedemospec.spec.cy.js",
      "file": "cypress\\e2e\\framedemospec.spec.cy.js",
      "beforeHooks": [],
      "afterHooks": [],
      "tests": [],
      "suites": [
        {
          "uuid": "9dda64ef-7b73-4983-9a5a-e0143268fea8",
          "title": "Iframe Test Case",
          "fullFile": "",
          "file": "",
          "beforeHooks": [],
          "afterHooks": [],
          "tests": [
            {
              "title": "iframe.test",
              "fullTitle": "Iframe Test Case iframe.test",
              "timedOut": null,
              "duration": 5037,
              "state": "passed",
              "speed": "medium",
              "pass": true,
              "fail": false,
              "pending": false,
              "context": null,
              "code": "cy.visit(Cypress.env('formUrl'));\niframeselect.clickframe();\niframeselect.clickIframe();\niframeselect.IframeText();",
              "err": {},
              "uuid": "c24a7217-579e-470b-8aea-919379099599",
              "parentUUID": "9dda64ef-7b73-4983-9a5a-e0143268fea8",
              "isHook": false,
              "skipped": false
            }
          ],
          "suites": [],
          "passes": [
            "c24a7217-579e-470b-8aea-919379099599"
          ],
          "failures": [],
          "pending": [],
          "skipped": [],
          "duration": 5037,
          "root": false,
          "rootEmpty": false,
          "_timeout": 2000
        }
      ],
      "passes": [],
      "failures": [],
      "pending": [],
      "skipped": [],
      "duration": 0,
      "root": true,
      "rootEmpty": true,
      "_timeout": 2000
    }
  ],
  "meta": {
    "mocha": {
      "version": "7.0.1"
    },
    "mochawesome": {
      "options": {
        "quiet": false,
        "reportFilename": "report",
        "saveHtml": true,
        "saveJson": true,
        "consoleReporter": "spec",
        "useInlineDiffs": false,
        "code": true
      },
      "version": "7.1.3"
    },
    "marge": {
      "options": {
        "reportDir": "cypress/results",
        "reportFilename": "report",
        "overwrite": false,
        "html": true,
        "json": true
      },
      "version": "6.2.0"
    }
  }
}