{
  "stats": {
    "suites": 1,
    "tests": 1,
    "passes": 0,
    "pending": 0,
    "failures": 1,
    "start": "2022-10-12T09:09:24.412Z",
    "end": "2022-10-12T09:09:29.660Z",
    "duration": 5248,
    "testsRegistered": 1,
    "passPercent": 0,
    "pendingPercent": 0,
    "other": 0,
    "hasOther": false,
    "skipped": 0,
    "hasSkipped": false
  },
  "results": [
    {
      "uuid": "c0a3f9ab-e48e-4ee4-a4d2-9ff9337c33b9",
      "title": "",
      "fullFile": "cypress\\e2e\\checkboxdemo.spec.cy.js",
      "file": "cypress\\e2e\\checkboxdemo.spec.cy.js",
      "beforeHooks": [],
      "afterHooks": [],
      "tests": [],
      "suites": [
        {
          "uuid": "ca6ee73c-f379-4251-8feb-fa514f297ae5",
          "title": "checkbox Test Case",
          "fullFile": "",
          "file": "",
          "beforeHooks": [],
          "afterHooks": [],
          "tests": [
            {
              "title": "checkbox.test",
              "fullTitle": "checkbox Test Case checkbox.test",
              "timedOut": null,
              "duration": 2727,
              "state": "failed",
              "speed": null,
              "pass": false,
              "fail": true,
              "pending": false,
              "context": null,
              "code": "cy.visit(Cypress.env('formUrl'));\ncheckboxselect.validatethetitle();\ncheckboxselect.clickcheckboxes();\ncheckboxselect.firstcheckboxcheck();\ncheckboxselect.validatethechecked();\ncheckboxselect.firstcheckboxuncheck();\ncheckboxselect.secondcheckboxuncheck();\ncheckboxselect.validatetheunchecked();",
              "err": {
                "message": "CypressError: `cy.click()` can only be called on a single element. Your subject contained 2 elements. Pass `{ multiple: true }` if you want to serially click each element.\n\nhttps://on.cypress.io/click",
                "estack": "CypressError: `cy.click()` can only be called on a single element. Your subject contained 2 elements. Pass `{ multiple: true }` if you want to serially click each element.\n\nhttps://on.cypress.io/click\n    at mouseAction (http://the-internet.herokuapp.com/__cypress/runner/cypress_runner.js:135268:76)\n    at Context.click (http://the-internet.herokuapp.com/__cypress/runner/cypress_runner.js:135447:14)\n    at wrapped (http://the-internet.herokuapp.com/__cypress/runner/cypress_runner.js:157367:19)\nFrom Your Spec Code:\n    at Checkboxselect.firstcheckboxuncheck (webpack:///./cypress/support/PageObjects/checkbox.po.js:22:47)\n    at Context.eval (webpack:///./cypress/e2e/checkboxdemo.spec.cy.js:14:22)",
                "diff": null
              },
              "uuid": "613aff98-f052-4dfb-863b-cce9f0b4995c",
              "parentUUID": "ca6ee73c-f379-4251-8feb-fa514f297ae5",
              "isHook": false,
              "skipped": false
            }
          ],
          "suites": [],
          "passes": [],
          "failures": [
            "613aff98-f052-4dfb-863b-cce9f0b4995c"
          ],
          "pending": [],
          "skipped": [],
          "duration": 2727,
          "root": false,
          "rootEmpty": false,
          "_timeout": 2000
        }
      ],
      "passes": [],
      "failures": [],
      "pending": [],
      "skipped": [],
      "duration": 0,
      "root": true,
      "rootEmpty": true,
      "_timeout": 2000
    }
  ],
  "meta": {
    "mocha": {
      "version": "7.0.1"
    },
    "mochawesome": {
      "options": {
        "quiet": false,
        "reportFilename": "report",
        "saveHtml": true,
        "saveJson": true,
        "consoleReporter": "spec",
        "useInlineDiffs": false,
        "code": true
      },
      "version": "7.1.3"
    },
    "marge": {
      "options": {
        "reportDir": "cypress/results",
        "reportFilename": "report",
        "overwrite": false,
        "html": true,
        "json": true
      },
      "version": "6.2.0"
    }
  }
}