{
  "stats": {
    "suites": 1,
    "tests": 1,
    "passes": 0,
    "pending": 0,
    "failures": 1,
    "start": "2022-10-12T09:10:11.139Z",
    "end": "2022-10-12T09:10:25.314Z",
    "duration": 14175,
    "testsRegistered": 1,
    "passPercent": 0,
    "pendingPercent": 0,
    "other": 0,
    "hasOther": false,
    "skipped": 0,
    "hasSkipped": false
  },
  "results": [
    {
      "uuid": "ab9fe3e5-446e-401c-ab9e-6237fe4ca1cc",
      "title": "",
      "fullFile": "cypress\\e2e\\framedemospec.spec.cy.js",
      "file": "cypress\\e2e\\framedemospec.spec.cy.js",
      "beforeHooks": [],
      "afterHooks": [],
      "tests": [],
      "suites": [
        {
          "uuid": "9e9fcc0e-eb8f-4cd0-9744-0dd753c9e288",
          "title": "Iframe Test Case",
          "fullFile": "",
          "file": "",
          "beforeHooks": [],
          "afterHooks": [],
          "tests": [
            {
              "title": "iframe.test",
              "fullTitle": "Iframe Test Case iframe.test",
              "timedOut": null,
              "duration": 11891,
              "state": "failed",
              "speed": null,
              "pass": false,
              "fail": true,
              "pending": false,
              "context": null,
              "code": "cy.visit(Cypress.env('formUrl'));\niframeselect.checkTitle();\niframeselect.clickframe();\niframeselect.validateFramepage();\niframeselect.clickIframe();\niframeselect.verifyiframePages();\niframeselect.IframeText();\niframeselect.enterdblClicktext();",
              "err": {
                "message": "AssertionError: Timed out retrying after 6000ms: Expected to find element: `hi`, but never found it.",
                "estack": "AssertionError: Timed out retrying after 6000ms: Expected to find element: `hi`, but never found it.\n    at Iframeselect.enterdblClicktext (webpack:///./cypress/support/PageObjects/iframepage.po.js:41:7)\n    at Context.eval (webpack:///./cypress/e2e/framedemospec.spec.cy.js:15:22)",
                "diff": null
              },
              "uuid": "6a8b5d9c-4d58-471a-840d-2e5f2e0f5332",
              "parentUUID": "9e9fcc0e-eb8f-4cd0-9744-0dd753c9e288",
              "isHook": false,
              "skipped": false
            }
          ],
          "suites": [],
          "passes": [],
          "failures": [
            "6a8b5d9c-4d58-471a-840d-2e5f2e0f5332"
          ],
          "pending": [],
          "skipped": [],
          "duration": 11891,
          "root": false,
          "rootEmpty": false,
          "_timeout": 2000
        }
      ],
      "passes": [],
      "failures": [],
      "pending": [],
      "skipped": [],
      "duration": 0,
      "root": true,
      "rootEmpty": true,
      "_timeout": 2000
    }
  ],
  "meta": {
    "mocha": {
      "version": "7.0.1"
    },
    "mochawesome": {
      "options": {
        "quiet": false,
        "reportFilename": "report",
        "saveHtml": true,
        "saveJson": true,
        "consoleReporter": "spec",
        "useInlineDiffs": false,
        "code": true
      },
      "version": "7.1.3"
    },
    "marge": {
      "options": {
        "reportDir": "cypress/results",
        "reportFilename": "report",
        "overwrite": false,
        "html": true,
        "json": true
      },
      "version": "6.2.0"
    }
  }
}