{
  "stats": {
    "suites": 1,
    "tests": 1,
    "passes": 1,
    "pending": 0,
    "failures": 0,
    "start": "2022-10-10T10:10:21.732Z",
    "end": "2022-10-10T10:10:27.607Z",
    "duration": 5875,
    "testsRegistered": 1,
    "passPercent": 100,
    "pendingPercent": 0,
    "other": 0,
    "hasOther": false,
    "skipped": 0,
    "hasSkipped": false
  },
  "results": [
    {
      "uuid": "97a22604-068c-4f43-8315-6889578556e1",
      "title": "",
      "fullFile": "cypress\\e2e\\checkboxdemo.spec.cy.js",
      "file": "cypress\\e2e\\checkboxdemo.spec.cy.js",
      "beforeHooks": [],
      "afterHooks": [],
      "tests": [],
      "suites": [
        {
          "uuid": "4645e241-0b48-492b-bce9-83b8863faafe",
          "title": "checkbox Test Case",
          "fullFile": "",
          "file": "",
          "beforeHooks": [],
          "afterHooks": [],
          "tests": [
            {
              "title": "checkbox.test",
              "fullTitle": "checkbox Test Case checkbox.test",
              "timedOut": null,
              "duration": 2905,
              "state": "passed",
              "speed": "fast",
              "pass": true,
              "fail": false,
              "pending": false,
              "context": null,
              "code": "cy.visit(Cypress.env('formUrl'));\ncheckboxselect.clickcheckboxes();\ncheckboxselect.firstcheckbox();",
              "err": {},
              "uuid": "6e2403d9-109c-41b0-91cc-35d5458af01f",
              "parentUUID": "4645e241-0b48-492b-bce9-83b8863faafe",
              "isHook": false,
              "skipped": false
            }
          ],
          "suites": [],
          "passes": [
            "6e2403d9-109c-41b0-91cc-35d5458af01f"
          ],
          "failures": [],
          "pending": [],
          "skipped": [],
          "duration": 2905,
          "root": false,
          "rootEmpty": false,
          "_timeout": 2000
        }
      ],
      "passes": [],
      "failures": [],
      "pending": [],
      "skipped": [],
      "duration": 0,
      "root": true,
      "rootEmpty": true,
      "_timeout": 2000
    }
  ],
  "meta": {
    "mocha": {
      "version": "7.0.1"
    },
    "mochawesome": {
      "options": {
        "quiet": false,
        "reportFilename": "report",
        "saveHtml": true,
        "saveJson": true,
        "consoleReporter": "spec",
        "useInlineDiffs": false,
        "code": true
      },
      "version": "7.1.3"
    },
    "marge": {
      "options": {
        "reportDir": "cypress/results",
        "reportFilename": "report",
        "overwrite": false,
        "html": true,
        "json": true
      },
      "version": "6.2.0"
    }
  }
}